0 info it worked if it ends with ok
1 verbose cli [ '/usr/local/bin/node', '/usr/local/bin/npm', 'start' ]
2 info using npm@2.15.5
3 info using node@v4.4.6
4 verbose config Skipping project config: /home/sharkseven/.npmrc. (matches userconfig)
5 verbose stack Error: ENOENT: no such file or directory, open '/home/sharkseven/package.json'
5 verbose stack     at Error (native)
6 verbose cwd /home/sharkseven/todora/docker
7 error Linux 4.4.0-45-generic
8 error argv "/usr/local/bin/node" "/usr/local/bin/npm" "start"
9 error node v4.4.6
10 error npm  v2.15.5
11 error path /home/sharkseven/package.json
12 error code ENOENT
13 error errno -2
14 error syscall open
15 error enoent ENOENT: no such file or directory, open '/home/sharkseven/package.json'
15 error enoent This is most likely not a problem with npm itself
15 error enoent and is related to npm not being able to find a file.
16 verbose exit [ -2, true ]
